g:\code\codeside\cpp\debug\vc141.pdb
g:\code\codeside\cpp\debug\unit.obj
g:\code\codeside\cpp\debug\servermessagegame.obj
g:\code\codeside\cpp\debug\properties.obj
g:\code\codeside\cpp\debug\playerview.obj
g:\code\codeside\cpp\debug\playermessagegame.obj
g:\code\codeside\cpp\debug\player.obj
g:\code\codeside\cpp\debug\mine.obj
g:\code\codeside\cpp\debug\lootbox.obj
g:\code\codeside\cpp\debug\level.obj
g:\code\codeside\cpp\debug\jumpstate.obj
g:\code\codeside\cpp\debug\item.obj
g:\code\codeside\cpp\debug\game.obj
g:\code\codeside\cpp\debug\explosionparams.obj
g:\code\codeside\cpp\debug\customdata.obj
g:\code\codeside\cpp\debug\colorfloat.obj
g:\code\codeside\cpp\debug\coloredvertex.obj
g:\code\codeside\cpp\debug\bulletparams.obj
g:\code\codeside\cpp\debug\bullet.obj
g:\code\codeside\cpp\debug\main.obj
g:\code\codeside\cpp\debug\debug.obj
g:\code\codeside\cpp\debug\tcpstream.obj
g:\code\codeside\cpp\debug\stream.obj
g:\code\codeside\cpp\debug\mystrategy.obj
g:\code\codeside\cpp\debug\weaponparams.obj
g:\code\codeside\cpp\debug\weapon.obj
g:\code\codeside\cpp\debug\vec2float.obj
g:\code\codeside\cpp\debug\vec2double.obj
g:\code\codeside\cpp\debug\unitaction.obj
g:\code\codeside\debug\vc141.pdb
g:\code\codeside\debug\properties.obj
g:\code\codeside\debug\playermessagegame.obj
g:\code\codeside\debug\player.obj
g:\code\codeside\debug\mine.obj
g:\code\codeside\debug\lootbox.obj
g:\code\codeside\debug\level.obj
g:\code\codeside\debug\jumpstate.obj
g:\code\codeside\debug\item.obj
g:\code\codeside\debug\explosionparams.obj
g:\code\codeside\debug\customdata.obj
g:\code\codeside\debug\colorfloat.obj
g:\code\codeside\debug\coloredvertex.obj
g:\code\codeside\debug\bulletparams.obj
g:\code\codeside\debug\bullet.obj
g:\code\codeside\debug\debug.obj
g:\code\codeside\debug\tcpstream.obj
g:\code\codeside\debug\stream.obj
g:\code\codeside\debug\weaponparams.obj
g:\code\codeside\debug\weapon.obj
g:\code\codeside\debug\vec2float.obj
g:\code\codeside\debug\vec2double.obj
g:\code\codeside\debug\unitaction.obj
g:\code\codeside\debug\mystrategy.obj
g:\code\codeside\debug\unit.obj
g:\code\codeside\debug\servermessagegame.obj
g:\code\codeside\debug\playerview.obj
g:\code\codeside\debug\game.obj
g:\code\codeside\debug\main.obj
g:\code\codeside\cpp\debug\codeside.exe
g:\code\codeside\cpp\debug\codeside.ilk
g:\code\codeside\cpp\debug\codeside.pdb
g:\code\codeside\debug\codeside.pdb
g:\code\codeside\debug\codeside.tlog\cl.command.1.tlog
g:\code\codeside\debug\codeside.tlog\cl.read.1.tlog
g:\code\codeside\debug\codeside.tlog\cl.write.1.tlog
g:\code\codeside\debug\codeside.tlog\link-cvtres.read.1.tlog
g:\code\codeside\debug\codeside.tlog\link-cvtres.write.1.tlog
g:\code\codeside\debug\codeside.tlog\link-rc.read.1.tlog
g:\code\codeside\debug\codeside.tlog\link-rc.write.1.tlog
g:\code\codeside\debug\codeside.tlog\link.command.1.tlog
g:\code\codeside\debug\codeside.tlog\link.read.1.tlog
g:\code\codeside\debug\codeside.tlog\link.write.1.tlog
